Determining if the pthread_create exist failed with the following output:
Change Dir: /home/travis/build/jketra/otus_cpp/CMakeFiles/CMakeTmp

Run Build Command:"/usr/bin/make" "cmTC_d98c4/fast"
/usr/bin/make -f CMakeFiles/cmTC_d98c4.dir/build.make CMakeFiles/cmTC_d98c4.dir/build
make[1]: Entering directory '/home/travis/build/jketra/otus_cpp/CMakeFiles/CMakeTmp'
Building C object CMakeFiles/cmTC_d98c4.dir/CheckSymbolExists.c.o
/usr/bin/gcc    -o CMakeFiles/cmTC_d98c4.dir/CheckSymbolExists.c.o   -c /home/travis/build/jketra/otus_cpp/CMakeFiles/CMakeTmp/CheckSymbolExists.c
Linking C executable cmTC_d98c4
/usr/local/cmake-3.12.4/bin/cmake -E cmake_link_script CMakeFiles/cmTC_d98c4.dir/link.txt --verbose=1
/usr/bin/gcc      CMakeFiles/cmTC_d98c4.dir/CheckSymbolExists.c.o  -o cmTC_d98c4 
CMakeFiles/cmTC_d98c4.dir/CheckSymbolExists.c.o: In function `main':
CheckSymbolExists.c:(.text+0x1b): undefined reference to `pthread_create'
collect2: error: ld returned 1 exit status
CMakeFiles/cmTC_d98c4.dir/build.make:86: recipe for target 'cmTC_d98c4' failed
make[1]: *** [cmTC_d98c4] Error 1
make[1]: Leaving directory '/home/travis/build/jketra/otus_cpp/CMakeFiles/CMakeTmp'
Makefile:121: recipe for target 'cmTC_d98c4/fast' failed
make: *** [cmTC_d98c4/fast] Error 2

File /home/travis/build/jketra/otus_cpp/CMakeFiles/CMakeTmp/CheckSymbolExists.c:
/* */
#include <pthread.h>

int main(int argc, char** argv)
{
  (void)argv;
#ifndef pthread_create
  return ((int*)(&pthread_create))[argc];
#else
  (void)argc;
  return 0;
#endif
}

Determining if the function pthread_create exists in the pthreads failed with the following output:
Change Dir: /home/travis/build/jketra/otus_cpp/CMakeFiles/CMakeTmp

Run Build Command:"/usr/bin/make" "cmTC_ca4fa/fast"
/usr/bin/make -f CMakeFiles/cmTC_ca4fa.dir/build.make CMakeFiles/cmTC_ca4fa.dir/build
make[1]: Entering directory '/home/travis/build/jketra/otus_cpp/CMakeFiles/CMakeTmp'
Building C object CMakeFiles/cmTC_ca4fa.dir/CheckFunctionExists.c.o
/usr/bin/gcc   -DCHECK_FUNCTION_EXISTS=pthread_create   -o CMakeFiles/cmTC_ca4fa.dir/CheckFunctionExists.c.o   -c /usr/local/cmake-3.12.4/share/cmake-3.12/Modules/CheckFunctionExists.c
Linking C executable cmTC_ca4fa
/usr/local/cmake-3.12.4/bin/cmake -E cmake_link_script CMakeFiles/cmTC_ca4fa.dir/link.txt --verbose=1
/usr/bin/gcc  -DCHECK_FUNCTION_EXISTS=pthread_create    CMakeFiles/cmTC_ca4fa.dir/CheckFunctionExists.c.o  -o cmTC_ca4fa -lpthreads 
/usr/bin/ld: cannot find -lpthreads
collect2: error: ld returned 1 exit status
CMakeFiles/cmTC_ca4fa.dir/build.make:86: recipe for target 'cmTC_ca4fa' failed
make[1]: *** [cmTC_ca4fa] Error 1
make[1]: Leaving directory '/home/travis/build/jketra/otus_cpp/CMakeFiles/CMakeTmp'
Makefile:121: recipe for target 'cmTC_ca4fa/fast' failed
make: *** [cmTC_ca4fa/fast] Error 2


